<?xml version="1.0" encoding="UTF-8"?>
<!-- Generated by org.testng.reporters.JUnitXMLReporter -->
<testsuite ignored="0" hostname="MSI" failures="1" tests="4" name="Test" time="21.058" errors="0" timestamp="2025-07-04T10:20:48 IST">
  <testcase classname="com.orgTest.CreateOrgTest" name="createOrg" time="4.058"/>
  <testcase classname="com.productTest.CreateProductTest" name="createProduct" time="0.002">
    <failure type="java.lang.NullPointerException" message="Cannot invoke &amp;quot;String.toString()&amp;quot; because &amp;quot;&amp;lt;parameter1&amp;gt;&amp;quot; is null">
      <![CDATA[java.lang.NullPointerException: Cannot invoke "String.toString()" because "<parameter1>" is null
at com.browserstack.utils.LogReportingAPI.print(Unknown Source)
at java.base/java.io.PrintStream.println(PrintStream.java:1171)
at com.productTest.CreateProductTest.createProduct(CreateProductTest.java:10)
at java.base/java.util.ArrayList.forEach(ArrayList.java:1596)
... Removed 25 stack frames]]>
    </failure>
  </testcase> <!-- createProduct -->
  <testcase classname="com.orgTest.browserstackcodeTest" name="sampletest" time="16.908"/>
  <testcase classname="com.verifyTest.CreateAndDeleteTest" name="deleteorg" time="0.004"/>
</testsuite> <!-- Test -->
