<?xml version="1.0" encoding="UTF-8"?>
<testng-results ignored="0" total="1" passed="1" failed="0" skipped="0">
  <reporter-output>
  </reporter-output>
  <suite started-at="2025-06-26T11:17:17 IST" name="Suite" finished-at="2025-06-26T11:17:24 IST" duration-ms="6862">
    <groups>
      <group name="smoke">
        <method signature="CreateOrgTest.createOrg()[pri:0, instance:com.orgTest.CreateOrgTest@35d019a3]" name="createOrg" class="com.orgTest.CreateOrgTest"/>
      </group> <!-- smoke -->
    </groups>
    <test started-at="2025-06-26T11:17:17 IST" name="Test" finished-at="2025-06-26T11:17:24 IST" duration-ms="6862">
      <class name="com.orgTest.CreateOrgTest">
        <test-method signature="createOrg()[pri:0, instance:com.orgTest.CreateOrgTest@35d019a3]" started-at="2025-06-26T11:17:17 IST" name="createOrg" finished-at="2025-06-26T11:17:24 IST" duration-ms="6790" status="PASS">
          <reporter-output>
          </reporter-output>
        </test-method> <!-- createOrg -->
      </class> <!-- com.orgTest.CreateOrgTest -->
    </test> <!-- Test -->
  </suite> <!-- Suite -->
</testng-results>
