<?xml version="1.0" encoding="UTF-8"?>
<testng-results ignored="0" total="1" passed="1" failed="0" skipped="0">
  <reporter-output>
  </reporter-output>
  <suite started-at="2025-07-03T13:27:50 IST" name="Default suite" finished-at="2025-07-03T13:28:17 IST" duration-ms="27218">
    <groups>
    </groups>
    <test started-at="2025-07-03T13:27:50 IST" name="Default test" finished-at="2025-07-03T13:28:17 IST" duration-ms="27218">
      <class name="com.orgTest.browserstackcode">
        <test-method signature="sampletest()[pri:0, instance:com.orgTest.browserstackcode@2b662a77]" started-at="2025-07-03T13:27:50 IST" name="sampletest" finished-at="2025-07-03T13:28:17 IST" duration-ms="27169" status="PASS">
          <reporter-output>
          </reporter-output>
        </test-method> <!-- sampletest -->
      </class> <!-- com.orgTest.browserstackcode -->
    </test> <!-- Default test -->
  </suite> <!-- Default suite -->
</testng-results>
